{"/home/srivyk/React/bd-dummy/bookdiscovery/src/components/atoms/Avatar/index.tsx": {"path":"/home/srivyk/React/bd-dummy/bookdiscovery/src/components/atoms/Avatar/index.tsx","statementMap":{"0":{"start":{"line":1,"column":0},"end":{"line":1,"column":54}},"1":{"start":{"line":10,"column":36},"end":{"line":14,"column":1}},"2":{"start":{"line":10,"column":41},"end":{"line":10,"column":42}},"3":{"start":{"line":10,"column":50},"end":{"line":10,"column":51}},"4":{"start":{"line":10,"column":58},"end":{"line":10,"column":59}},"5":{"start":{"line":10,"column":68},"end":{"line":10,"column":69}},"6":{"start":{"line":11,"column":4},"end":{"line":13,"column":6}},"7":{"start":{"line":16,"column":0},"end":{"line":16,"column":22}}},"fnMap":{"0":{"name":"(anonymous_0)","decl":{"start":{"line":10,"column":36},"end":{"line":10,"column":37}},"loc":{"start":{"line":10,"column":69},"end":{"line":14,"column":1}}}},"branchMap":{},"s":{"0":3,"1":3,"2":7,"3":7,"4":7,"5":7,"6":7,"7":3},"f":{"0":7},"b":{}}
,"/home/srivyk/React/bd-dummy/bookdiscovery/src/components/atoms/Button/Button.tsx": {"path":"/home/srivyk/React/bd-dummy/bookdiscovery/src/components/atoms/Button/Button.tsx","statementMap":{"0":{"start":{"line":2,"column":0},"end":{"line":2,"column":66}},"1":{"start":{"line":3,"column":0},"end":{"line":3,"column":54}},"2":{"start":{"line":4,"column":0},"end":{"line":4,"column":48}},"3":{"start":{"line":6,"column":18},"end":{"line":16,"column":3}},"4":{"start":{"line":6,"column":41},"end":{"line":16,"column":3}},"5":{"start":{"line":25,"column":38},"end":{"line":38,"column":1}},"6":{"start":{"line":26,"column":8},"end":{"line":26,"column":null}},"7":{"start":{"line":27,"column":11},"end":{"line":27,"column":null}},"8":{"start":{"line":28,"column":9},"end":{"line":28,"column":null}},"9":{"start":{"line":29,"column":12},"end":{"line":29,"column":null}},"10":{"start":{"line":30,"column":11},"end":{"line":30,"column":null}},"11":{"start":{"line":32,"column":18},"end":{"line":32,"column":29}},"12":{"start":{"line":33,"column":2},"end":{"line":37,"column":4}},"13":{"start":{"line":40,"column":0},"end":{"line":42,"column":2}},"14":{"start":{"line":44,"column":0},"end":{"line":44,"column":22}}},"fnMap":{"0":{"name":"(anonymous_2)","decl":{"start":{"line":6,"column":30},"end":{"line":6,"column":31}},"loc":{"start":{"line":6,"column":36},"end":{"line":6,"column":42}}},"1":{"name":"(anonymous_3)","decl":{"start":{"line":25,"column":38},"end":{"line":25,"column":39}},"loc":{"start":{"line":31,"column":3},"end":{"line":38,"column":1}}}},"branchMap":{},"s":{"0":1,"1":1,"2":1,"3":1,"4":3,"5":1,"6":3,"7":3,"8":3,"9":3,"10":3,"11":3,"12":3,"13":1,"14":1},"f":{"0":3,"1":3},"b":{}}
,"/home/srivyk/React/bd-dummy/bookdiscovery/src/components/atoms/InputField/index.tsx": {"path":"/home/srivyk/React/bd-dummy/bookdiscovery/src/components/atoms/InputField/index.tsx","statementMap":{"0":{"start":{"line":1,"column":0},"end":{"line":1,"column":52}},"1":{"start":{"line":14,"column":43},"end":{"line":19,"column":1}},"2":{"start":{"line":14,"column":56},"end":{"line":14,"column":57}},"3":{"start":{"line":14,"column":61},"end":{"line":14,"column":62}},"4":{"start":{"line":14,"column":71},"end":{"line":14,"column":72}},"5":{"start":{"line":14,"column":77},"end":{"line":14,"column":78}},"6":{"start":{"line":14,"column":82},"end":{"line":14,"column":83}},"7":{"start":{"line":14,"column":91},"end":{"line":14,"column":92}},"8":{"start":{"line":14,"column":108},"end":{"line":14,"column":109}},"9":{"start":{"line":14,"column":118},"end":{"line":14,"column":119}},"10":{"start":{"line":15,"column":2},"end":{"line":17,"column":4}},"11":{"start":{"line":21,"column":0},"end":{"line":21,"column":26}}},"fnMap":{"0":{"name":"(anonymous_1)","decl":{"start":{"line":14,"column":43},"end":{"line":14,"column":44}},"loc":{"start":{"line":14,"column":119},"end":{"line":19,"column":1}}}},"branchMap":{},"s":{"0":3,"1":3,"2":6,"3":6,"4":6,"5":6,"6":6,"7":6,"8":6,"9":6,"10":6,"11":3},"f":{"0":6},"b":{}}
,"/home/srivyk/React/bd-dummy/bookdiscovery/src/components/atoms/Logo/Logo.tsx": {"path":"/home/srivyk/React/bd-dummy/bookdiscovery/src/components/atoms/Logo/Logo.tsx","statementMap":{"0":{"start":{"line":1,"column":0},"end":{"line":1,"column":48}},"1":{"start":{"line":3,"column":0},"end":{"line":3,"column":52}},"2":{"start":{"line":4,"column":0},"end":{"line":4,"column":54}},"3":{"start":{"line":8,"column":18},"end":{"line":15,"column":2}},"4":{"start":{"line":17,"column":34},"end":{"line":24,"column":1}},"5":{"start":{"line":18,"column":18},"end":{"line":18,"column":29}},"6":{"start":{"line":19,"column":2},"end":{"line":23,"column":4}},"7":{"start":{"line":26,"column":0},"end":{"line":26,"column":20}}},"fnMap":{"0":{"name":"(anonymous_3)","decl":{"start":{"line":17,"column":34},"end":{"line":17,"column":35}},"loc":{"start":{"line":17,"column":37},"end":{"line":24,"column":1}}}},"branchMap":{},"s":{"0":2,"1":2,"2":2,"3":2,"4":2,"5":2,"6":2,"7":2},"f":{"0":2},"b":{}}
,"/home/srivyk/React/bd-dummy/bookdiscovery/src/components/molecules/BookCard/BookCard.tsx": {"path":"/home/srivyk/React/bd-dummy/bookdiscovery/src/components/molecules/BookCard/BookCard.tsx","statementMap":{"0":{"start":{"line":2,"column":0},"end":{"line":2,"column":54}},"1":{"start":{"line":3,"column":0},"end":{"line":3,"column":42}},"2":{"start":{"line":4,"column":0},"end":{"line":4,"column":62}},"3":{"start":{"line":5,"column":0},"end":{"line":5,"column":56}},"4":{"start":{"line":6,"column":0},"end":{"line":6,"column":52}},"5":{"start":{"line":7,"column":0},"end":{"line":7,"column":55}},"6":{"start":{"line":8,"column":0},"end":{"line":8,"column":71}},"7":{"start":{"line":9,"column":0},"end":{"line":9,"column":45}},"8":{"start":{"line":10,"column":0},"end":{"line":10,"column":59}},"9":{"start":{"line":11,"column":0},"end":{"line":11,"column":77}},"10":{"start":{"line":12,"column":0},"end":{"line":12,"column":50}},"11":{"start":{"line":13,"column":0},"end":{"line":13,"column":52}},"12":{"start":{"line":14,"column":0},"end":{"line":14,"column":40}},"13":{"start":{"line":15,"column":0},"end":{"line":15,"column":41}},"14":{"start":{"line":17,"column":18},"end":{"line":100,"column":2}},"15":{"start":{"line":108,"column":42},"end":{"line":170,"column":1}},"16":{"start":{"line":109,"column":7},"end":{"line":109,"column":null}},"17":{"start":{"line":110,"column":6},"end":{"line":110,"column":null}},"18":{"start":{"line":111,"column":12},"end":{"line":111,"column":null}},"19":{"start":{"line":112,"column":7},"end":{"line":112,"column":null}},"20":{"start":{"line":113,"column":9},"end":{"line":113,"column":null}},"21":{"start":{"line":115,"column":18},"end":{"line":115,"column":29}},"22":{"start":{"line":116,"column":2},"end":{"line":169,"column":4}},"23":{"start":{"line":172,"column":0},"end":{"line":172,"column":24}}},"fnMap":{"0":{"name":"(anonymous_3)","decl":{"start":{"line":108,"column":42},"end":{"line":108,"column":43}},"loc":{"start":{"line":114,"column":1},"end":{"line":170,"column":1}}}},"branchMap":{},"s":{"0":1,"1":1,"2":1,"3":1,"4":1,"5":1,"6":1,"7":1,"8":1,"9":1,"10":1,"11":1,"12":1,"13":1,"14":1,"15":1,"16":3,"17":2,"18":2,"19":2,"20":2,"21":2,"22":2,"23":1},"f":{"0":3},"b":{}}
,"/home/srivyk/React/bd-dummy/bookdiscovery/src/components/molecules/BookStatusCard/BookStatusCard.tsx": {"path":"/home/srivyk/React/bd-dummy/bookdiscovery/src/components/molecules/BookStatusCard/BookStatusCard.tsx","statementMap":{"0":{"start":{"line":2,"column":0},"end":{"line":2,"column":54}},"1":{"start":{"line":3,"column":0},"end":{"line":3,"column":42}},"2":{"start":{"line":4,"column":0},"end":{"line":4,"column":62}},"3":{"start":{"line":5,"column":0},"end":{"line":5,"column":56}},"4":{"start":{"line":6,"column":0},"end":{"line":6,"column":52}},"5":{"start":{"line":7,"column":0},"end":{"line":7,"column":60}},"6":{"start":{"line":8,"column":0},"end":{"line":8,"column":50}},"7":{"start":{"line":9,"column":0},"end":{"line":9,"column":41}},"8":{"start":{"line":11,"column":18},"end":{"line":76,"column":2}},"9":{"start":{"line":85,"column":54},"end":{"line":127,"column":1}},"10":{"start":{"line":86,"column":7},"end":{"line":86,"column":null}},"11":{"start":{"line":87,"column":7},"end":{"line":87,"column":null}},"12":{"start":{"line":88,"column":12},"end":{"line":88,"column":null}},"13":{"start":{"line":89,"column":7},"end":{"line":89,"column":null}},"14":{"start":{"line":90,"column":9},"end":{"line":90,"column":null}},"15":{"start":{"line":91,"column":7},"end":{"line":91,"column":null}},"16":{"start":{"line":93,"column":18},"end":{"line":93,"column":29}},"17":{"start":{"line":94,"column":2},"end":{"line":126,"column":4}},"18":{"start":{"line":129,"column":0},"end":{"line":129,"column":30}}},"fnMap":{"0":{"name":"(anonymous_3)","decl":{"start":{"line":85,"column":54},"end":{"line":85,"column":55}},"loc":{"start":{"line":92,"column":1},"end":{"line":127,"column":1}}}},"branchMap":{"0":{"loc":{"start":{"line":120,"column":15},"end":{"line":120,"column":22}},"type":"binary-expr","locations":[{"start":{"line":120,"column":15},"end":{"line":120,"column":22}},{"start":{"line":120,"column":26},"end":{"line":120,"column":28}}]},"1":{"loc":{"start":{"line":120,"column":38},"end":{"line":120,"column":43}},"type":"binary-expr","locations":[{"start":{"line":120,"column":38},"end":{"line":120,"column":43}},{"start":{"line":120,"column":47},"end":{"line":120,"column":50}}]}},"s":{"0":1,"1":1,"2":1,"3":1,"4":1,"5":1,"6":1,"7":1,"8":1,"9":1,"10":2,"11":2,"12":2,"13":2,"14":2,"15":2,"16":2,"17":2,"18":1},"f":{"0":2},"b":{"0":[2,0],"1":[2,0]}}
,"/home/srivyk/React/bd-dummy/bookdiscovery/src/components/molecules/DiscoverBooks/DiscoverBooksImage.tsx": {"path":"/home/srivyk/React/bd-dummy/bookdiscovery/src/components/molecules/DiscoverBooks/DiscoverBooksImage.tsx","statementMap":{"0":{"start":{"line":3,"column":0},"end":{"line":3,"column":67}},"1":{"start":{"line":4,"column":0},"end":{"line":4,"column":40}},"2":{"start":{"line":6,"column":18},"end":{"line":32,"column":2}},"3":{"start":{"line":37,"column":18},"end":{"line":37,"column":29}},"4":{"start":{"line":38,"column":0},"end":{"line":43,"column":2}},"5":{"start":{"line":45,"column":0},"end":{"line":45,"column":null}}},"fnMap":{"0":{"name":"BookDiscover","decl":{"start":{"line":35,"column":9},"end":{"line":35,"column":21}},"loc":{"start":{"line":35,"column":21},"end":{"line":43,"column":2}}}},"branchMap":{},"s":{"0":1,"1":1,"2":1,"3":1,"4":1,"5":1},"f":{"0":1},"b":{}}
,"/home/srivyk/React/bd-dummy/bookdiscovery/src/components/molecules/ExploreTab/constants.ts": {"path":"/home/srivyk/React/bd-dummy/bookdiscovery/src/components/molecules/ExploreTab/constants.ts","statementMap":{"0":{"start":{"line":1,"column":13},"end":{"line":33,"column":null}}},"fnMap":{},"branchMap":{},"s":{"0":1},"f":{},"b":{}}
,"/home/srivyk/React/bd-dummy/bookdiscovery/src/components/molecules/ExploreTab/index.tsx": {"path":"/home/srivyk/React/bd-dummy/bookdiscovery/src/components/molecules/ExploreTab/index.tsx","statementMap":{"0":{"start":{"line":2,"column":0},"end":{"line":2,"column":54}},"1":{"start":{"line":3,"column":0},"end":{"line":3,"column":75}},"2":{"start":{"line":4,"column":0},"end":{"line":4,"column":41}},"3":{"start":{"line":5,"column":0},"end":{"line":5,"column":49}},"4":{"start":{"line":6,"column":0},"end":{"line":6,"column":65}},"5":{"start":{"line":7,"column":0},"end":{"line":7,"column":null}},"6":{"start":{"line":17,"column":0},"end":{"line":17,"column":50}},"7":{"start":{"line":19,"column":18},"end":{"line":77,"column":3}},"8":{"start":{"line":19,"column":35},"end":{"line":77,"column":3}},"9":{"start":{"line":90,"column":12},"end":{"line":99,"column":2}},"10":{"start":{"line":100,"column":46},"end":{"line":170,"column":1}},"11":{"start":{"line":101,"column":7},"end":{"line":101,"column":null}},"12":{"start":{"line":102,"column":20},"end":{"line":102,"column":null}},"13":{"start":{"line":103,"column":13},"end":{"line":103,"column":null}},"14":{"start":{"line":105,"column":18},"end":{"line":105,"column":29}},"15":{"start":{"line":106,"column":18},"end":{"line":108,"column":3}},"16":{"start":{"line":107,"column":4},"end":{"line":107,"column":23}},"17":{"start":{"line":110,"column":25},"end":{"line":112,"column":3}},"18":{"start":{"line":111,"column":4},"end":{"line":111,"column":33}},"19":{"start":{"line":114,"column":2},"end":{"line":169,"column":4}},"20":{"start":{"line":138,"column":12},"end":{"line":164,"column":14}},"21":{"start":{"line":151,"column":20},"end":{"line":160,"column":22}},"22":{"start":{"line":155,"column":41},"end":{"line":155,"column":null}},"23":{"start":{"line":172,"column":0},"end":{"line":172,"column":26}}},"fnMap":{"0":{"name":"(anonymous_3)","decl":{"start":{"line":19,"column":29},"end":{"line":19,"column":35}},"loc":{"start":{"line":19,"column":29},"end":{"line":19,"column":36}}},"1":{"name":"(anonymous_4)","decl":{"start":{"line":100,"column":46},"end":{"line":100,"column":47}},"loc":{"start":{"line":104,"column":1},"end":{"line":170,"column":1}}},"2":{"name":"(anonymous_5)","decl":{"start":{"line":106,"column":18},"end":{"line":106,"column":null}},"loc":{"start":{"line":106,"column":18},"end":{"line":108,"column":3}}},"3":{"name":"(anonymous_6)","decl":{"start":{"line":110,"column":25},"end":{"line":110,"column":26}},"loc":{"start":{"line":110,"column":42},"end":{"line":112,"column":3}}},"4":{"name":"(anonymous_7)","decl":{"start":{"line":137,"column":21},"end":{"line":137,"column":22}},"loc":{"start":{"line":137,"column":43},"end":{"line":165,"column":11}}},"5":{"name":"(anonymous_8)","decl":{"start":{"line":150,"column":35},"end":{"line":150,"column":36}},"loc":{"start":{"line":150,"column":48},"end":{"line":161,"column":19}}},"6":{"name":"(anonymous_9)","decl":{"start":{"line":155,"column":35},"end":{"line":155,"column":41}},"loc":{"start":{"line":155,"column":35},"end":{"line":155,"column":55}}}},"branchMap":{},"s":{"0":2,"1":2,"2":2,"3":2,"4":2,"5":2,"6":2,"7":2,"8":3,"9":2,"10":2,"11":6,"12":4,"13":4,"14":4,"15":4,"16":1,"17":4,"18":0,"19":4,"20":32,"21":128,"22":0,"23":2},"f":{"0":3,"1":6,"2":1,"3":0,"4":32,"5":128,"6":0},"b":{}}
,"/home/srivyk/React/bd-dummy/bookdiscovery/src/components/molecules/PaginationBox/Pagination.tsx": {"path":"/home/srivyk/React/bd-dummy/bookdiscovery/src/components/molecules/PaginationBox/Pagination.tsx","statementMap":{"0":{"start":{"line":2,"column":0},"end":{"line":2,"column":54}},"1":{"start":{"line":3,"column":0},"end":{"line":3,"column":66}},"2":{"start":{"line":7,"column":18},"end":{"line":15,"column":3}},"3":{"start":{"line":7,"column":40},"end":{"line":15,"column":3}},"4":{"start":{"line":17,"column":46},"end":{"line":29,"column":1}},"5":{"start":{"line":18,"column":18},"end":{"line":18,"column":29}},"6":{"start":{"line":19,"column":2},"end":{"line":28,"column":4}},"7":{"start":{"line":31,"column":0},"end":{"line":31,"column":26}}},"fnMap":{"0":{"name":"(anonymous_2)","decl":{"start":{"line":7,"column":29},"end":{"line":7,"column":30}},"loc":{"start":{"line":7,"column":35},"end":{"line":7,"column":41}}},"1":{"name":"(anonymous_3)","decl":{"start":{"line":17,"column":46},"end":{"line":17,"column":47}},"loc":{"start":{"line":17,"column":49},"end":{"line":29,"column":1}}}},"branchMap":{},"s":{"0":1,"1":1,"2":1,"3":2,"4":1,"5":2,"6":2,"7":1},"f":{"0":2,"1":2},"b":{}}
,"/home/srivyk/React/bd-dummy/bookdiscovery/src/components/molecules/SearchBar/index.tsx": {"path":"/home/srivyk/React/bd-dummy/bookdiscovery/src/components/molecules/SearchBar/index.tsx","statementMap":{"0":{"start":{"line":1,"column":0},"end":{"line":1,"column":48}},"1":{"start":{"line":2,"column":0},"end":{"line":2,"column":112}},"2":{"start":{"line":3,"column":0},"end":{"line":3,"column":51}},"3":{"start":{"line":4,"column":0},"end":{"line":4,"column":51}},"4":{"start":{"line":5,"column":0},"end":{"line":5,"column":49}},"5":{"start":{"line":7,"column":0},"end":{"line":7,"column":68}},"6":{"start":{"line":10,"column":19},"end":{"line":28,"column":2}},"7":{"start":{"line":14,"column":19},"end":{"line":28,"column":2}},"8":{"start":{"line":30,"column":18},"end":{"line":56,"column":3}},"9":{"start":{"line":30,"column":40},"end":{"line":56,"column":3}},"10":{"start":{"line":65,"column":44},"end":{"line":168,"column":1}},"11":{"start":{"line":65,"column":58},"end":{"line":65,"column":60}},"12":{"start":{"line":65,"column":71},"end":{"line":65,"column":73}},"13":{"start":{"line":65,"column":82},"end":{"line":65,"column":84}},"14":{"start":{"line":67,"column":18},"end":{"line":67,"column":29}},"15":{"start":{"line":68,"column":38},"end":{"line":68,"column":86}},"16":{"start":{"line":68,"column":19},"end":{"line":68,"column":21}},"17":{"start":{"line":68,"column":34},"end":{"line":68,"column":38}},"18":{"start":{"line":70,"column":38},"end":{"line":103,"column":null}},"19":{"start":{"line":105,"column":40},"end":{"line":105,"column":75}},"20":{"start":{"line":105,"column":20},"end":{"line":105,"column":22}},"21":{"start":{"line":105,"column":36},"end":{"line":105,"column":40}},"22":{"start":{"line":107,"column":30},"end":{"line":107,"column":44}},"23":{"start":{"line":107,"column":15},"end":{"line":107,"column":17}},"24":{"start":{"line":107,"column":26},"end":{"line":107,"column":30}},"25":{"start":{"line":109,"column":19},"end":{"line":118,"column":3}},"26":{"start":{"line":110,"column":4},"end":{"line":110,"column":48}},"27":{"start":{"line":111,"column":18},"end":{"line":113,"column":6}},"28":{"start":{"line":112,"column":6},"end":{"line":112,"column":null}},"29":{"start":{"line":114,"column":4},"end":{"line":114,"column":23}},"30":{"start":{"line":116,"column":4},"end":{"line":116,"column":26}},"31":{"start":{"line":117,"column":4},"end":{"line":117,"column":20}},"32":{"start":{"line":120,"column":23},"end":{"line":123,"column":3}},"33":{"start":{"line":121,"column":4},"end":{"line":121,"column":22}},"34":{"start":{"line":122,"column":4},"end":{"line":122,"column":21}},"35":{"start":{"line":125,"column":2},"end":{"line":125,"column":null}},"36":{"start":{"line":128,"column":22},"end":{"line":134,"column":4}},"37":{"start":{"line":129,"column":4},"end":{"line":133,"column":6}},"38":{"start":{"line":139,"column":2},"end":{"line":167,"column":4}},"39":{"start":{"line":170,"column":0},"end":{"line":170,"column":25}}},"fnMap":{"0":{"name":"(anonymous_3)","decl":{"start":{"line":14,"column":3},"end":{"line":14,"column":4}},"loc":{"start":{"line":14,"column":14},"end":{"line":14,"column":null}}},"1":{"name":"(anonymous_4)","decl":{"start":{"line":30,"column":29},"end":{"line":30,"column":30}},"loc":{"start":{"line":30,"column":35},"end":{"line":30,"column":41}}},"2":{"name":"(anonymous_5)","decl":{"start":{"line":65,"column":44},"end":{"line":65,"column":45}},"loc":{"start":{"line":65,"column":84},"end":{"line":168,"column":1}}},"3":{"name":"(anonymous_6)","decl":{"start":{"line":109,"column":19},"end":{"line":109,"column":20}},"loc":{"start":{"line":109,"column":65},"end":{"line":118,"column":3}}},"4":{"name":"(anonymous_7)","decl":{"start":{"line":111,"column":30},"end":{"line":111,"column":31}},"loc":{"start":{"line":111,"column":60},"end":{"line":113,"column":5}}},"5":{"name":"(anonymous_8)","decl":{"start":{"line":120,"column":23},"end":{"line":120,"column":null}},"loc":{"start":{"line":120,"column":23},"end":{"line":123,"column":3}}},"6":{"name":"(anonymous_9)","decl":{"start":{"line":128,"column":38},"end":{"line":128,"column":39}},"loc":{"start":{"line":128,"column":43},"end":{"line":134,"column":3}}}},"branchMap":{"0":{"loc":{"start":{"line":68,"column":69},"end":{"line":68,"column":80}},"type":"cond-expr","locations":[{"start":{"line":68,"column":69},"end":{"line":68,"column":80}},{"start":{"line":68,"column":83},"end":{"line":68,"column":85}}]},"1":{"loc":{"start":{"line":153,"column":9},"end":{"line":153,"column":19}},"type":"binary-expr","locations":[{"start":{"line":153,"column":9},"end":{"line":153,"column":19}},{"start":{"line":153,"column":23},"end":{"line":153,"column":89}}]},"2":{"loc":{"start":{"line":156,"column":7},"end":{"line":156,"column":13}},"type":"binary-expr","locations":[{"start":{"line":156,"column":7},"end":{"line":156,"column":13}},{"start":{"line":156,"column":17},"end":{"line":157,"column":null}}]}},"s":{"0":2,"1":2,"2":2,"3":2,"4":2,"5":2,"6":2,"7":0,"8":2,"9":3,"10":2,"11":3,"12":3,"13":3,"14":3,"15":3,"16":3,"17":3,"18":3,"19":3,"20":3,"21":3,"22":3,"23":3,"24":3,"25":3,"26":0,"27":0,"28":0,"29":0,"30":0,"31":0,"32":3,"33":0,"34":0,"35":3,"36":3,"37":0,"38":3,"39":2},"f":{"0":0,"1":3,"2":3,"3":0,"4":0,"5":0,"6":0},"b":{"0":[2,1],"1":[3,2],"2":[3,3]}}
,"/home/srivyk/React/bd-dummy/bookdiscovery/src/components/molecules/SearchResultCard/SearchResultCard.tsx": {"path":"/home/srivyk/React/bd-dummy/bookdiscovery/src/components/molecules/SearchResultCard/SearchResultCard.tsx","statementMap":{"0":{"start":{"line":2,"column":0},"end":{"line":2,"column":54}},"1":{"start":{"line":3,"column":0},"end":{"line":3,"column":42}},"2":{"start":{"line":4,"column":0},"end":{"line":4,"column":62}},"3":{"start":{"line":5,"column":0},"end":{"line":5,"column":56}},"4":{"start":{"line":6,"column":0},"end":{"line":6,"column":52}},"5":{"start":{"line":7,"column":0},"end":{"line":7,"column":60}},"6":{"start":{"line":8,"column":0},"end":{"line":8,"column":50}},"7":{"start":{"line":9,"column":0},"end":{"line":9,"column":41}},"8":{"start":{"line":11,"column":18},"end":{"line":67,"column":2}},"9":{"start":{"line":76,"column":58},"end":{"line":111,"column":1}},"10":{"start":{"line":77,"column":7},"end":{"line":77,"column":null}},"11":{"start":{"line":78,"column":7},"end":{"line":78,"column":null}},"12":{"start":{"line":79,"column":12},"end":{"line":79,"column":null}},"13":{"start":{"line":80,"column":7},"end":{"line":80,"column":null}},"14":{"start":{"line":82,"column":18},"end":{"line":82,"column":29}},"15":{"start":{"line":83,"column":2},"end":{"line":110,"column":4}},"16":{"start":{"line":113,"column":0},"end":{"line":113,"column":32}}},"fnMap":{"0":{"name":"(anonymous_3)","decl":{"start":{"line":76,"column":58},"end":{"line":76,"column":59}},"loc":{"start":{"line":81,"column":1},"end":{"line":111,"column":1}}}},"branchMap":{},"s":{"0":3,"1":3,"2":3,"3":3,"4":3,"5":3,"6":3,"7":3,"8":3,"9":3,"10":2,"11":2,"12":2,"13":2,"14":2,"15":2,"16":3},"f":{"0":2},"b":{}}
,"/home/srivyk/React/bd-dummy/bookdiscovery/src/components/molecules/SplitButton/index.tsx": {"path":"/home/srivyk/React/bd-dummy/bookdiscovery/src/components/molecules/SplitButton/index.tsx","statementMap":{"0":{"start":{"line":1,"column":0},"end":{"line":1,"column":26}},"1":{"start":{"line":2,"column":0},"end":{"line":2,"column":42}},"2":{"start":{"line":3,"column":0},"end":{"line":3,"column":46}},"3":{"start":{"line":4,"column":0},"end":{"line":4,"column":56}},"4":{"start":{"line":5,"column":0},"end":{"line":5,"column":65}},"5":{"start":{"line":6,"column":0},"end":{"line":6,"column":68}},"6":{"start":{"line":7,"column":0},"end":{"line":7,"column":42}},"7":{"start":{"line":8,"column":0},"end":{"line":8,"column":44}},"8":{"start":{"line":9,"column":0},"end":{"line":9,"column":46}},"9":{"start":{"line":10,"column":0},"end":{"line":10,"column":50}},"10":{"start":{"line":11,"column":0},"end":{"line":11,"column":50}},"11":{"start":{"line":12,"column":0},"end":{"line":12,"column":41}},"12":{"start":{"line":13,"column":0},"end":{"line":13,"column":48}},"13":{"start":{"line":14,"column":0},"end":{"line":14,"column":54}},"14":{"start":{"line":17,"column":18},"end":{"line":27,"column":3}},"15":{"start":{"line":17,"column":35},"end":{"line":27,"column":3}},"16":{"start":{"line":35,"column":47},"end":{"line":110,"column":1}},"17":{"start":{"line":35,"column":59},"end":{"line":35,"column":60}},"18":{"start":{"line":35,"column":65},"end":{"line":35,"column":66}},"19":{"start":{"line":36,"column":16},"end":{"line":36,"column":27}},"20":{"start":{"line":37,"column":26},"end":{"line":37,"column":47}},"21":{"start":{"line":37,"column":13},"end":{"line":37,"column":15}},"22":{"start":{"line":37,"column":22},"end":{"line":37,"column":26}},"23":{"start":{"line":38,"column":20},"end":{"line":38,"column":54}},"24":{"start":{"line":39,"column":44},"end":{"line":39,"column":83}},"25":{"start":{"line":39,"column":22},"end":{"line":39,"column":24}},"26":{"start":{"line":39,"column":40},"end":{"line":39,"column":44}},"27":{"start":{"line":41,"column":22},"end":{"line":43,"column":3}},"28":{"start":{"line":42,"column":4},"end":{"line":42,"column":56}},"29":{"start":{"line":45,"column":30},"end":{"line":51,"column":3}},"30":{"start":{"line":49,"column":4},"end":{"line":49,"column":28}},"31":{"start":{"line":50,"column":4},"end":{"line":50,"column":19}},"32":{"start":{"line":53,"column":23},"end":{"line":55,"column":3}},"33":{"start":{"line":54,"column":4},"end":{"line":54,"column":37}},"34":{"start":{"line":54,"column":26},"end":{"line":54,"column":36}},"35":{"start":{"line":57,"column":22},"end":{"line":63,"column":3}},"36":{"start":{"line":58,"column":4},"end":{"line":60,"column":null}},"37":{"start":{"line":59,"column":6},"end":{"line":59,"column":13}},"38":{"start":{"line":62,"column":4},"end":{"line":62,"column":19}},"39":{"start":{"line":65,"column":2},"end":{"line":109,"column":4}},"40":{"start":{"line":80,"column":29},"end":{"line":80,"column":31}},"41":{"start":{"line":80,"column":40},"end":{"line":80,"column":42}},"42":{"start":{"line":80,"column":47},"end":{"line":105,"column":null}},"43":{"start":{"line":90,"column":48},"end":{"line":100,"column":22}},"44":{"start":{"line":96,"column":44},"end":{"line":96,"column":null}},"45":{"start":{"line":112,"column":0},"end":{"line":112,"column":27}}},"fnMap":{"0":{"name":"(anonymous_3)","decl":{"start":{"line":17,"column":29},"end":{"line":17,"column":35}},"loc":{"start":{"line":17,"column":29},"end":{"line":17,"column":36}}},"1":{"name":"(anonymous_4)","decl":{"start":{"line":35,"column":47},"end":{"line":35,"column":48}},"loc":{"start":{"line":35,"column":66},"end":{"line":110,"column":1}}},"2":{"name":"(anonymous_5)","decl":{"start":{"line":41,"column":22},"end":{"line":41,"column":null}},"loc":{"start":{"line":41,"column":22},"end":{"line":43,"column":3}}},"3":{"name":"(anonymous_6)","decl":{"start":{"line":45,"column":30},"end":{"line":45,"column":null}},"loc":{"start":{"line":47,"column":17},"end":{"line":51,"column":3}}},"4":{"name":"(anonymous_7)","decl":{"start":{"line":53,"column":23},"end":{"line":53,"column":null}},"loc":{"start":{"line":53,"column":23},"end":{"line":55,"column":3}}},"5":{"name":"(anonymous_8)","decl":{"start":{"line":54,"column":12},"end":{"line":54,"column":13}},"loc":{"start":{"line":54,"column":21},"end":{"line":54,"column":27}}},"6":{"name":"(anonymous_9)","decl":{"start":{"line":57,"column":22},"end":{"line":57,"column":23}},"loc":{"start":{"line":57,"column":68},"end":{"line":63,"column":3}}},"7":{"name":"(anonymous_10)","decl":{"start":{"line":80,"column":11},"end":{"line":80,"column":12}},"loc":{"start":{"line":80,"column":42},"end":{"line":80,"column":null}}},"8":{"name":"(anonymous_11)","decl":{"start":{"line":90,"column":31},"end":{"line":90,"column":32}},"loc":{"start":{"line":90,"column":43},"end":{"line":90,"column":null}}},"9":{"name":"(anonymous_12)","decl":{"start":{"line":96,"column":33},"end":{"line":96,"column":34}},"loc":{"start":{"line":96,"column":39},"end":{"line":96,"column":63}}}},"branchMap":{"0":{"loc":{"start":{"line":39,"column":70},"end":{"line":39,"column":80}},"type":"cond-expr","locations":[{"start":{"line":39,"column":70},"end":{"line":39,"column":80}},{"start":{"line":39,"column":81},"end":{"line":39,"column":82}}]},"1":{"loc":{"start":{"line":58,"column":4},"end":{"line":60,"column":null}},"type":"if","locations":[{"start":{"line":58,"column":4},"end":{"line":60,"column":null}},{"start":{"line":58,"column":4},"end":{"line":60,"column":null}}]},"2":{"loc":{"start":{"line":58,"column":8},"end":{"line":58,"column":25}},"type":"binary-expr","locations":[{"start":{"line":58,"column":8},"end":{"line":58,"column":25}},{"start":{"line":58,"column":29},"end":{"line":58,"column":84}}]},"3":{"loc":{"start":{"line":84,"column":58},"end":{"line":84,"column":70}},"type":"cond-expr","locations":[{"start":{"line":84,"column":58},"end":{"line":84,"column":70}},{"start":{"line":84,"column":73},"end":{"line":84,"column":88}}]}},"s":{"0":2,"1":2,"2":2,"3":2,"4":2,"5":2,"6":2,"7":2,"8":2,"9":2,"10":2,"11":2,"12":2,"13":2,"14":2,"15":4,"16":2,"17":4,"18":4,"19":4,"20":4,"21":4,"22":4,"23":4,"24":4,"25":4,"26":4,"27":4,"28":0,"29":4,"30":0,"31":0,"32":4,"33":0,"34":0,"35":4,"36":0,"37":0,"38":0,"39":4,"40":0,"41":0,"42":0,"43":0,"44":0,"45":2},"f":{"0":4,"1":4,"2":0,"3":0,"4":0,"5":0,"6":0,"7":0,"8":0,"9":0},"b":{"0":[2,2],"1":[0,0],"2":[0,0],"3":[0,0]}}
,"/home/srivyk/React/bd-dummy/bookdiscovery/src/components/molecules/TopicYouFollowSubject/TopicYouFollowSubject.tsx": {"path":"/home/srivyk/React/bd-dummy/bookdiscovery/src/components/molecules/TopicYouFollowSubject/TopicYouFollowSubject.tsx","statementMap":{"0":{"start":{"line":3,"column":0},"end":{"line":3,"column":75}},"1":{"start":{"line":4,"column":18},"end":{"line":21,"column":3}},"2":{"start":{"line":4,"column":39},"end":{"line":21,"column":3}},"3":{"start":{"line":28,"column":36},"end":{"line":28,"column":37}},"4":{"start":{"line":28,"column":48},"end":{"line":28,"column":52}},"5":{"start":{"line":28,"column":57},"end":{"line":28,"column":64}},"6":{"start":{"line":30,"column":20},"end":{"line":30,"column":31}},"7":{"start":{"line":31,"column":0},"end":{"line":40,"column":null}},"8":{"start":{"line":43,"column":0},"end":{"line":43,"column":null}}},"fnMap":{"0":{"name":"(anonymous_3)","decl":{"start":{"line":4,"column":29},"end":{"line":4,"column":30}},"loc":{"start":{"line":4,"column":35},"end":{"line":4,"column":40}}},"1":{"name":"TopicsYouFollowSub","decl":{"start":{"line":28,"column":9},"end":{"line":28,"column":27}},"loc":{"start":{"line":28,"column":64},"end":{"line":41,"column":1}}}},"branchMap":{},"s":{"0":1,"1":1,"2":1,"3":1,"4":1,"5":1,"6":1,"7":1,"8":1},"f":{"0":1,"1":1},"b":{}}
,"/home/srivyk/React/bd-dummy/bookdiscovery/src/components/organisms/Author/Author.tsx": {"path":"/home/srivyk/React/bd-dummy/bookdiscovery/src/components/organisms/Author/Author.tsx","statementMap":{"0":{"start":{"line":2,"column":0},"end":{"line":2,"column":54}},"1":{"start":{"line":3,"column":0},"end":{"line":3,"column":70}},"2":{"start":{"line":4,"column":0},"end":{"line":4,"column":54}},"3":{"start":{"line":5,"column":0},"end":{"line":5,"column":42}},"4":{"start":{"line":6,"column":0},"end":{"line":6,"column":46}},"5":{"start":{"line":7,"column":0},"end":{"line":7,"column":45}},"6":{"start":{"line":8,"column":0},"end":{"line":8,"column":41}},"7":{"start":{"line":9,"column":0},"end":{"line":9,"column":50}},"8":{"start":{"line":10,"column":0},"end":{"line":10,"column":69}},"9":{"start":{"line":12,"column":18},"end":{"line":127,"column":2}},"10":{"start":{"line":137,"column":18},"end":{"line":144,"column":2}},"11":{"start":{"line":146,"column":46},"end":{"line":219,"column":1}},"12":{"start":{"line":146,"column":57},"end":{"line":146,"column":59}},"13":{"start":{"line":147,"column":18},"end":{"line":147,"column":29}},"14":{"start":{"line":148,"column":17},"end":{"line":148,"column":6857}},"15":{"start":{"line":150,"column":2},"end":{"line":218,"column":4}},"16":{"start":{"line":179,"column":10},"end":{"line":213,"column":12}},"17":{"start":{"line":220,"column":0},"end":{"line":220,"column":26}}},"fnMap":{"0":{"name":"(anonymous_3)","decl":{"start":{"line":146,"column":46},"end":{"line":146,"column":47}},"loc":{"start":{"line":146,"column":59},"end":{"line":219,"column":1}}},"1":{"name":"(anonymous_4)","decl":{"start":{"line":178,"column":22},"end":{"line":178,"column":23}},"loc":{"start":{"line":178,"column":34},"end":{"line":214,"column":9}}}},"branchMap":{},"s":{"0":1,"1":1,"2":1,"3":1,"4":1,"5":1,"6":1,"7":1,"8":1,"9":1,"10":1,"11":1,"12":2,"13":1,"14":1,"15":1,"16":3,"17":1},"f":{"0":2,"1":3},"b":{}}
,"/home/srivyk/React/bd-dummy/bookdiscovery/src/components/organisms/Batchmates/index.tsx": {"path":"/home/srivyk/React/bd-dummy/bookdiscovery/src/components/organisms/Batchmates/index.tsx","statementMap":{"0":{"start":{"line":2,"column":0},"end":{"line":2,"column":54}},"1":{"start":{"line":3,"column":0},"end":{"line":3,"column":54}},"2":{"start":{"line":4,"column":0},"end":{"line":4,"column":54}},"3":{"start":{"line":5,"column":0},"end":{"line":5,"column":42}},"4":{"start":{"line":6,"column":0},"end":{"line":6,"column":46}},"5":{"start":{"line":7,"column":0},"end":{"line":7,"column":45}},"6":{"start":{"line":8,"column":0},"end":{"line":8,"column":41}},"7":{"start":{"line":9,"column":0},"end":{"line":9,"column":75}},"8":{"start":{"line":10,"column":0},"end":{"line":10,"column":48}},"9":{"start":{"line":11,"column":18},"end":{"line":84,"column":2}},"10":{"start":{"line":94,"column":46},"end":{"line":158,"column":1}},"11":{"start":{"line":94,"column":57},"end":{"line":94,"column":59}},"12":{"start":{"line":95,"column":18},"end":{"line":95,"column":29}},"13":{"start":{"line":96,"column":2},"end":{"line":157,"column":4}},"14":{"start":{"line":106,"column":8},"end":{"line":145,"column":10}},"15":{"start":{"line":159,"column":0},"end":{"line":159,"column":26}}},"fnMap":{"0":{"name":"(anonymous_3)","decl":{"start":{"line":94,"column":46},"end":{"line":94,"column":47}},"loc":{"start":{"line":94,"column":59},"end":{"line":158,"column":1}}},"1":{"name":"(anonymous_4)","decl":{"start":{"line":105,"column":20},"end":{"line":105,"column":21}},"loc":{"start":{"line":105,"column":25},"end":{"line":146,"column":7}}}},"branchMap":{},"s":{"0":1,"1":1,"2":1,"3":1,"4":1,"5":1,"6":1,"7":1,"8":1,"9":1,"10":1,"11":2,"12":1,"13":1,"14":3,"15":1},"f":{"0":2,"1":3},"b":{}}
,"/home/srivyk/React/bd-dummy/bookdiscovery/src/components/organisms/BookDetail/BookDetail.tsx": {"path":"/home/srivyk/React/bd-dummy/bookdiscovery/src/components/organisms/BookDetail/BookDetail.tsx","statementMap":{"0":{"start":{"line":1,"column":0},"end":{"line":1,"column":26}},"1":{"start":{"line":2,"column":0},"end":{"line":2,"column":null}},"2":{"start":{"line":11,"column":0},"end":{"line":11,"column":50}},"3":{"start":{"line":12,"column":0},"end":{"line":12,"column":42}},"4":{"start":{"line":13,"column":0},"end":{"line":13,"column":55}},"5":{"start":{"line":14,"column":0},"end":{"line":14,"column":68}},"6":{"start":{"line":15,"column":0},"end":{"line":15,"column":59}},"7":{"start":{"line":16,"column":0},"end":{"line":16,"column":89}},"8":{"start":{"line":17,"column":0},"end":{"line":17,"column":67}},"9":{"start":{"line":18,"column":0},"end":{"line":18,"column":55}},"10":{"start":{"line":19,"column":0},"end":{"line":19,"column":77}},"11":{"start":{"line":20,"column":0},"end":{"line":20,"column":33}},"12":{"start":{"line":21,"column":0},"end":{"line":21,"column":41}},"13":{"start":{"line":22,"column":0},"end":{"line":22,"column":59}},"14":{"start":{"line":23,"column":0},"end":{"line":23,"column":21}},"15":{"start":{"line":24,"column":0},"end":{"line":24,"column":60}},"16":{"start":{"line":26,"column":18},"end":{"line":166,"column":2}},"17":{"start":{"line":177,"column":46},"end":{"line":292,"column":1}},"18":{"start":{"line":178,"column":34},"end":{"line":178,"column":49}},"19":{"start":{"line":178,"column":17},"end":{"line":178,"column":19}},"20":{"start":{"line":178,"column":30},"end":{"line":178,"column":34}},"21":{"start":{"line":179,"column":26},"end":{"line":183,"column":3}},"22":{"start":{"line":180,"column":4},"end":{"line":182,"column":7}},"23":{"start":{"line":181,"column":6},"end":{"line":181,"column":19}},"24":{"start":{"line":184,"column":18},"end":{"line":184,"column":29}},"25":{"start":{"line":185,"column":2},"end":{"line":291,"column":4}},"26":{"start":{"line":295,"column":0},"end":{"line":295,"column":26}}},"fnMap":{"0":{"name":"(anonymous_3)","decl":{"start":{"line":177,"column":46},"end":{"line":177,"column":47}},"loc":{"start":{"line":177,"column":52},"end":{"line":292,"column":1}}},"1":{"name":"(anonymous_4)","decl":{"start":{"line":179,"column":26},"end":{"line":179,"column":null}},"loc":{"start":{"line":179,"column":26},"end":{"line":183,"column":3}}},"2":{"name":"(anonymous_5)","decl":{"start":{"line":180,"column":16},"end":{"line":180,"column":17}},"loc":{"start":{"line":180,"column":21},"end":{"line":182,"column":5}}}},"branchMap":{"0":{"loc":{"start":{"line":251,"column":13},"end":{"line":251,"column":21}},"type":"binary-expr","locations":[{"start":{"line":251,"column":13},"end":{"line":251,"column":21}},{"start":{"line":252,"column":14},"end":{"line":254,"column":null}}]},"1":{"loc":{"start":{"line":257,"column":13},"end":{"line":257,"column":22}},"type":"binary-expr","locations":[{"start":{"line":257,"column":13},"end":{"line":257,"column":22}},{"start":{"line":258,"column":14},"end":{"line":260,"column":null}}]}},"s":{"0":1,"1":1,"2":1,"3":1,"4":1,"5":1,"6":1,"7":1,"8":1,"9":1,"10":1,"11":1,"12":1,"13":1,"14":1,"15":1,"16":1,"17":1,"18":3,"19":2,"20":2,"21":2,"22":0,"23":0,"24":2,"25":2,"26":1},"f":{"0":3,"1":0,"2":0},"b":{"0":[2,0],"1":[2,2]}}
,"/home/srivyk/React/bd-dummy/bookdiscovery/src/components/organisms/BookDetail/constants.ts": {"path":"/home/srivyk/React/bd-dummy/bookdiscovery/src/components/organisms/BookDetail/constants.ts","statementMap":{"0":{"start":{"line":5,"column":13},"end":{"line":10,"column":2}}},"fnMap":{},"branchMap":{},"s":{"0":1},"f":{},"b":{}}
,"/home/srivyk/React/bd-dummy/bookdiscovery/src/components/organisms/Explore/Explore.tsx": {"path":"/home/srivyk/React/bd-dummy/bookdiscovery/src/components/organisms/Explore/Explore.tsx","statementMap":{"0":{"start":{"line":1,"column":0},"end":{"line":1,"column":48}},"1":{"start":{"line":2,"column":0},"end":{"line":2,"column":54}},"2":{"start":{"line":3,"column":0},"end":{"line":3,"column":43}},"3":{"start":{"line":4,"column":0},"end":{"line":4,"column":59}},"4":{"start":{"line":5,"column":0},"end":{"line":5,"column":59}},"5":{"start":{"line":6,"column":0},"end":{"line":6,"column":42}},"6":{"start":{"line":7,"column":0},"end":{"line":7,"column":72}},"7":{"start":{"line":8,"column":0},"end":{"line":8,"column":47}},"8":{"start":{"line":15,"column":19},"end":{"line":33,"column":2}},"9":{"start":{"line":19,"column":18},"end":{"line":33,"column":2}},"10":{"start":{"line":36,"column":18},"end":{"line":49,"column":3}},"11":{"start":{"line":36,"column":40},"end":{"line":49,"column":3}},"12":{"start":{"line":53,"column":51},"end":{"line":131,"column":1}},"13":{"start":{"line":55,"column":18},"end":{"line":55,"column":29}},"14":{"start":{"line":57,"column":31},"end":{"line":57,"column":45}},"15":{"start":{"line":57,"column":17},"end":{"line":57,"column":18}},"16":{"start":{"line":57,"column":27},"end":{"line":57,"column":31}},"17":{"start":{"line":58,"column":36},"end":{"line":58,"column":55}},"18":{"start":{"line":58,"column":19},"end":{"line":58,"column":21}},"19":{"start":{"line":58,"column":32},"end":{"line":58,"column":36}},"20":{"start":{"line":60,"column":26},"end":{"line":64,"column":7}},"21":{"start":{"line":61,"column":8},"end":{"line":61,"column":41}},"22":{"start":{"line":62,"column":8},"end":{"line":62,"column":41}},"23":{"start":{"line":63,"column":8},"end":{"line":63,"column":33}},"24":{"start":{"line":63,"column":26},"end":{"line":63,"column":32}},"25":{"start":{"line":66,"column":26},"end":{"line":69,"column":7}},"26":{"start":{"line":67,"column":8},"end":{"line":67,"column":26}},"27":{"start":{"line":68,"column":8},"end":{"line":68,"column":33}},"28":{"start":{"line":68,"column":26},"end":{"line":68,"column":32}},"29":{"start":{"line":72,"column":13},"end":{"line":104,"column":null}},"30":{"start":{"line":106,"column":4},"end":{"line":130,"column":null}},"31":{"start":{"line":125,"column":51},"end":{"line":125,"column":null}},"32":{"start":{"line":126,"column":36},"end":{"line":126,"column":60}},"33":{"start":{"line":139,"column":0},"end":{"line":139,"column":31}}},"fnMap":{"0":{"name":"(anonymous_9)","decl":{"start":{"line":19,"column":3},"end":{"line":19,"column":4}},"loc":{"start":{"line":19,"column":13},"end":{"line":19,"column":null}}},"1":{"name":"(anonymous_10)","decl":{"start":{"line":36,"column":29},"end":{"line":36,"column":30}},"loc":{"start":{"line":36,"column":35},"end":{"line":36,"column":41}}},"2":{"name":"(anonymous_11)","decl":{"start":{"line":53,"column":51},"end":{"line":53,"column":52}},"loc":{"start":{"line":53,"column":57},"end":{"line":131,"column":1}}},"3":{"name":"(anonymous_12)","decl":{"start":{"line":60,"column":26},"end":{"line":60,"column":27}},"loc":{"start":{"line":60,"column":53},"end":{"line":64,"column":7}}},"4":{"name":"(anonymous_13)","decl":{"start":{"line":63,"column":18},"end":{"line":63,"column":19}},"loc":{"start":{"line":63,"column":23},"end":{"line":63,"column":27}}},"5":{"name":"(anonymous_14)","decl":{"start":{"line":66,"column":26},"end":{"line":66,"column":null}},"loc":{"start":{"line":66,"column":26},"end":{"line":69,"column":7}}},"6":{"name":"(anonymous_15)","decl":{"start":{"line":68,"column":18},"end":{"line":68,"column":19}},"loc":{"start":{"line":68,"column":23},"end":{"line":68,"column":27}}},"7":{"name":"(anonymous_16)","decl":{"start":{"line":125,"column":39},"end":{"line":125,"column":40}},"loc":{"start":{"line":125,"column":48},"end":{"line":125,"column":58}}},"8":{"name":"(anonymous_17)","decl":{"start":{"line":126,"column":32},"end":{"line":126,"column":36}},"loc":{"start":{"line":126,"column":32},"end":{"line":126,"column":43}}}},"branchMap":{"0":{"loc":{"start":{"line":113,"column":34},"end":{"line":113,"column":52}},"type":"cond-expr","locations":[{"start":{"line":113,"column":34},"end":{"line":113,"column":52}},{"start":{"line":113,"column":53},"end":{"line":113,"column":70}}]}},"s":{"0":1,"1":1,"2":1,"3":1,"4":1,"5":1,"6":1,"7":1,"8":1,"9":3,"10":1,"11":1,"12":1,"13":3,"14":2,"15":2,"16":2,"17":2,"18":2,"19":2,"20":2,"21":0,"22":0,"23":0,"24":0,"25":2,"26":0,"27":0,"28":0,"29":2,"30":2,"31":0,"32":0,"33":1},"f":{"0":3,"1":1,"2":3,"3":0,"4":0,"5":0,"6":0,"7":0,"8":0},"b":{"0":[2,0]}}
,"/home/srivyk/React/bd-dummy/bookdiscovery/src/components/organisms/Header/Header.tsx": {"path":"/home/srivyk/React/bd-dummy/bookdiscovery/src/components/organisms/Header/Header.tsx","statementMap":{"0":{"start":{"line":2,"column":0},"end":{"line":2,"column":47}},"1":{"start":{"line":3,"column":0},"end":{"line":3,"column":49}},"2":{"start":{"line":4,"column":0},"end":{"line":4,"column":48}},"3":{"start":{"line":5,"column":0},"end":{"line":5,"column":41}},"4":{"start":{"line":6,"column":0},"end":{"line":6,"column":43}},"5":{"start":{"line":7,"column":0},"end":{"line":7,"column":56}},"6":{"start":{"line":8,"column":0},"end":{"line":8,"column":40}},"7":{"start":{"line":9,"column":0},"end":{"line":9,"column":87}},"8":{"start":{"line":10,"column":0},"end":{"line":10,"column":42}},"9":{"start":{"line":13,"column":18},"end":{"line":81,"column":3}},"10":{"start":{"line":13,"column":40},"end":{"line":81,"column":3}},"11":{"start":{"line":83,"column":29},"end":{"line":112,"column":1}},"12":{"start":{"line":85,"column":20},"end":{"line":85,"column":31}},"13":{"start":{"line":86,"column":20},"end":{"line":86,"column":32}},"14":{"start":{"line":88,"column":28},"end":{"line":90,"column":5}},"15":{"start":{"line":89,"column":8},"end":{"line":89,"column":30}},"16":{"start":{"line":92,"column":4},"end":{"line":111,"column":null}},"17":{"start":{"line":114,"column":0},"end":{"line":114,"column":26}}},"fnMap":{"0":{"name":"(anonymous_3)","decl":{"start":{"line":13,"column":29},"end":{"line":13,"column":30}},"loc":{"start":{"line":13,"column":35},"end":{"line":13,"column":41}}},"1":{"name":"(anonymous_4)","decl":{"start":{"line":83,"column":29},"end":{"line":83,"column":null}},"loc":{"start":{"line":83,"column":29},"end":{"line":112,"column":1}}},"2":{"name":"(anonymous_5)","decl":{"start":{"line":88,"column":28},"end":{"line":88,"column":null}},"loc":{"start":{"line":88,"column":28},"end":{"line":90,"column":5}}}},"branchMap":{},"s":{"0":1,"1":1,"2":1,"3":1,"4":1,"5":1,"6":1,"7":1,"8":1,"9":1,"10":1,"11":1,"12":2,"13":1,"14":1,"15":0,"16":1,"17":1},"f":{"0":1,"1":2,"2":0},"b":{}}
,"/home/srivyk/React/bd-dummy/bookdiscovery/src/components/organisms/RecommendationBookCard/RecommendationBookCard.tsx": {"path":"/home/srivyk/React/bd-dummy/bookdiscovery/src/components/organisms/RecommendationBookCard/RecommendationBookCard.tsx","statementMap":{"0":{"start":{"line":2,"column":0},"end":{"line":2,"column":54}},"1":{"start":{"line":3,"column":0},"end":{"line":3,"column":42}},"2":{"start":{"line":4,"column":0},"end":{"line":4,"column":48}},"3":{"start":{"line":5,"column":0},"end":{"line":5,"column":56}},"4":{"start":{"line":6,"column":0},"end":{"line":6,"column":52}},"5":{"start":{"line":7,"column":0},"end":{"line":7,"column":55}},"6":{"start":{"line":8,"column":0},"end":{"line":8,"column":71}},"7":{"start":{"line":9,"column":0},"end":{"line":9,"column":45}},"8":{"start":{"line":10,"column":0},"end":{"line":10,"column":59}},"9":{"start":{"line":11,"column":0},"end":{"line":11,"column":71}},"10":{"start":{"line":12,"column":0},"end":{"line":12,"column":50}},"11":{"start":{"line":13,"column":0},"end":{"line":13,"column":68}},"12":{"start":{"line":14,"column":0},"end":{"line":14,"column":67}},"13":{"start":{"line":15,"column":0},"end":{"line":15,"column":41}},"14":{"start":{"line":16,"column":0},"end":{"line":16,"column":33}},"15":{"start":{"line":18,"column":18},"end":{"line":95,"column":2}},"16":{"start":{"line":103,"column":70},"end":{"line":183,"column":1}},"17":{"start":{"line":106,"column":34},"end":{"line":106,"column":49}},"18":{"start":{"line":106,"column":17},"end":{"line":106,"column":19}},"19":{"start":{"line":106,"column":30},"end":{"line":106,"column":34}},"20":{"start":{"line":107,"column":24},"end":{"line":111,"column":3}},"21":{"start":{"line":108,"column":4},"end":{"line":110,"column":7}},"22":{"start":{"line":109,"column":6},"end":{"line":109,"column":19}},"23":{"start":{"line":112,"column":44},"end":{"line":112,"column":59}},"24":{"start":{"line":112,"column":22},"end":{"line":112,"column":24}},"25":{"start":{"line":112,"column":40},"end":{"line":112,"column":44}},"26":{"start":{"line":113,"column":24},"end":{"line":117,"column":3}},"27":{"start":{"line":114,"column":4},"end":{"line":116,"column":7}},"28":{"start":{"line":115,"column":6},"end":{"line":115,"column":19}},"29":{"start":{"line":118,"column":18},"end":{"line":120,"column":3}},"30":{"start":{"line":119,"column":4},"end":{"line":119,"column":48}},"31":{"start":{"line":121,"column":18},"end":{"line":121,"column":29}},"32":{"start":{"line":122,"column":2},"end":{"line":182,"column":4}},"33":{"start":{"line":185,"column":0},"end":{"line":185,"column":38}}},"fnMap":{"0":{"name":"(anonymous_3)","decl":{"start":{"line":103,"column":70},"end":{"line":103,"column":null}},"loc":{"start":{"line":104,"column":7},"end":{"line":183,"column":1}}},"1":{"name":"(anonymous_4)","decl":{"start":{"line":107,"column":24},"end":{"line":107,"column":null}},"loc":{"start":{"line":107,"column":24},"end":{"line":111,"column":3}}},"2":{"name":"(anonymous_5)","decl":{"start":{"line":108,"column":16},"end":{"line":108,"column":17}},"loc":{"start":{"line":108,"column":21},"end":{"line":110,"column":5}}},"3":{"name":"(anonymous_6)","decl":{"start":{"line":113,"column":24},"end":{"line":113,"column":null}},"loc":{"start":{"line":113,"column":24},"end":{"line":117,"column":3}}},"4":{"name":"(anonymous_7)","decl":{"start":{"line":114,"column":21},"end":{"line":114,"column":22}},"loc":{"start":{"line":114,"column":26},"end":{"line":116,"column":5}}},"5":{"name":"(anonymous_8)","decl":{"start":{"line":118,"column":18},"end":{"line":118,"column":null}},"loc":{"start":{"line":118,"column":18},"end":{"line":120,"column":3}}}},"branchMap":{"0":{"loc":{"start":{"line":158,"column":9},"end":{"line":158,"column":17}},"type":"binary-expr","locations":[{"start":{"line":158,"column":9},"end":{"line":158,"column":17}},{"start":{"line":159,"column":10},"end":{"line":159,"column":79}}]},"1":{"loc":{"start":{"line":161,"column":9},"end":{"line":161,"column":18}},"type":"binary-expr","locations":[{"start":{"line":161,"column":9},"end":{"line":161,"column":18}},{"start":{"line":162,"column":10},"end":{"line":164,"column":null}}]},"2":{"loc":{"start":{"line":168,"column":9},"end":{"line":168,"column":23}},"type":"binary-expr","locations":[{"start":{"line":168,"column":9},"end":{"line":168,"column":23}},{"start":{"line":169,"column":10},"end":{"line":171,"column":null}}]},"3":{"loc":{"start":{"line":174,"column":9},"end":{"line":174,"column":22}},"type":"binary-expr","locations":[{"start":{"line":174,"column":9},"end":{"line":174,"column":22}},{"start":{"line":175,"column":10},"end":{"line":177,"column":null}}]}},"s":{"0":2,"1":2,"2":2,"3":2,"4":2,"5":2,"6":2,"7":2,"8":2,"9":2,"10":2,"11":2,"12":2,"13":2,"14":2,"15":2,"16":2,"17":12,"18":9,"19":9,"20":9,"21":0,"22":0,"23":9,"24":9,"25":9,"26":9,"27":0,"28":0,"29":9,"30":0,"31":9,"32":9,"33":2},"f":{"0":12,"1":0,"2":0,"3":0,"4":0,"5":0},"b":{"0":[9,0],"1":[9,9],"2":[9,9],"3":[9,0]}}
,"/home/srivyk/React/bd-dummy/bookdiscovery/src/components/organisms/RecommendationContainer/RecommendationContainer.tsx": {"path":"/home/srivyk/React/bd-dummy/bookdiscovery/src/components/organisms/RecommendationContainer/RecommendationContainer.tsx","statementMap":{"0":{"start":{"line":1,"column":0},"end":{"line":1,"column":26}},"1":{"start":{"line":2,"column":0},"end":{"line":2,"column":null}},"2":{"start":{"line":5,"column":0},"end":{"line":5,"column":65}},"3":{"start":{"line":6,"column":0},"end":{"line":6,"column":50}},"4":{"start":{"line":7,"column":0},"end":{"line":7,"column":69}},"5":{"start":{"line":8,"column":0},"end":{"line":8,"column":41}},"6":{"start":{"line":14,"column":18},"end":{"line":40,"column":2}},"7":{"start":{"line":41,"column":72},"end":{"line":68,"column":1}},"8":{"start":{"line":42,"column":6},"end":{"line":42,"column":null}},"9":{"start":{"line":44,"column":18},"end":{"line":44,"column":29}},"10":{"start":{"line":45,"column":30},"end":{"line":53,"column":4}},"11":{"start":{"line":46,"column":4},"end":{"line":52,"column":6}},"12":{"start":{"line":54,"column":2},"end":{"line":67,"column":4}},"13":{"start":{"line":70,"column":0},"end":{"line":70,"column":39}}},"fnMap":{"0":{"name":"(anonymous_3)","decl":{"start":{"line":41,"column":72},"end":{"line":41,"column":73}},"loc":{"start":{"line":43,"column":1},"end":{"line":68,"column":1}}},"1":{"name":"(anonymous_4)","decl":{"start":{"line":45,"column":39},"end":{"line":45,"column":40}},"loc":{"start":{"line":45,"column":48},"end":{"line":53,"column":3}}}},"branchMap":{},"s":{"0":1,"1":1,"2":1,"3":1,"4":1,"5":1,"6":1,"7":1,"8":3,"9":2,"10":2,"11":8,"12":2,"13":1},"f":{"0":3,"1":8},"b":{}}
,"/home/srivyk/React/bd-dummy/bookdiscovery/src/components/organisms/RecommendationContainer/constants.ts": {"path":"/home/srivyk/React/bd-dummy/bookdiscovery/src/components/organisms/RecommendationContainer/constants.ts","statementMap":{"0":{"start":{"line":3,"column":13},"end":{"line":28,"column":4}}},"fnMap":{},"branchMap":{},"s":{"0":1},"f":{},"b":{}}
,"/home/srivyk/React/bd-dummy/bookdiscovery/src/theme/constants.ts": {"path":"/home/srivyk/React/bd-dummy/bookdiscovery/src/theme/constants.ts","statementMap":{"0":{"start":{"line":5,"column":13},"end":{"line":31,"column":2}},"1":{"start":{"line":33,"column":13},"end":{"line":35,"column":null}}},"fnMap":{},"branchMap":{},"s":{"0":15,"1":15},"f":{},"b":{}}
,"/home/srivyk/React/bd-dummy/bookdiscovery/src/theme/theme.ts": {"path":"/home/srivyk/React/bd-dummy/bookdiscovery/src/theme/theme.ts","statementMap":{"0":{"start":{"line":1,"column":0},"end":{"line":1,"column":55}},"1":{"start":{"line":2,"column":0},"end":{"line":2,"column":37}},"2":{"start":{"line":5,"column":14},"end":{"line":158,"column":2}},"3":{"start":{"line":162,"column":0},"end":{"line":162,"column":21}}},"fnMap":{},"branchMap":{},"s":{"0":13,"1":13,"2":13,"3":13},"f":{},"b":{}}
}
