TN:
SF:src/components/atoms/Avatar/index.tsx
FN:10,(anonymous_0)
FNF:1
FNH:1
FNDA:7,(anonymous_0)
DA:1,3
DA:10,7
DA:11,7
DA:16,3
LF:4
LH:4
BRF:0
BRH:0
end_of_record
TN:
SF:src/components/atoms/Button/Button.tsx
FN:6,(anonymous_2)
FN:25,(anonymous_3)
FNF:2
FNH:2
FNDA:3,(anonymous_2)
FNDA:3,(anonymous_3)
DA:2,1
DA:3,1
DA:4,1
DA:6,3
DA:25,1
DA:26,3
DA:27,3
DA:28,3
DA:29,3
DA:30,3
DA:32,3
DA:33,3
DA:40,1
DA:44,1
LF:14
LH:14
BRF:0
BRH:0
end_of_record
TN:
SF:src/components/atoms/InputField/index.tsx
FN:14,(anonymous_1)
FNF:1
FNH:1
FNDA:6,(anonymous_1)
DA:1,3
DA:14,6
DA:15,6
DA:21,3
LF:4
LH:4
BRF:0
BRH:0
end_of_record
TN:
SF:src/components/atoms/Logo/Logo.tsx
FN:17,(anonymous_3)
FNF:1
FNH:1
FNDA:2,(anonymous_3)
DA:1,2
DA:3,2
DA:4,2
DA:8,2
DA:17,2
DA:18,2
DA:19,2
DA:26,2
LF:8
LH:8
BRF:0
BRH:0
end_of_record
TN:
SF:src/components/molecules/BookCard/BookCard.tsx
FN:108,(anonymous_3)
FNF:1
FNH:1
FNDA:3,(anonymous_3)
DA:2,1
DA:3,1
DA:4,1
DA:5,1
DA:6,1
DA:7,1
DA:8,1
DA:9,1
DA:10,1
DA:11,1
DA:12,1
DA:13,1
DA:14,1
DA:15,1
DA:17,1
DA:108,1
DA:109,3
DA:110,2
DA:111,2
DA:112,2
DA:113,2
DA:115,2
DA:116,2
DA:172,1
LF:24
LH:24
BRF:0
BRH:0
end_of_record
TN:
SF:src/components/molecules/BookStatusCard/BookStatusCard.tsx
FN:85,(anonymous_3)
FNF:1
FNH:1
FNDA:2,(anonymous_3)
DA:2,1
DA:3,1
DA:4,1
DA:5,1
DA:6,1
DA:7,1
DA:8,1
DA:9,1
DA:11,1
DA:85,1
DA:86,2
DA:87,2
DA:88,2
DA:89,2
DA:90,2
DA:91,2
DA:93,2
DA:94,2
DA:129,1
LF:19
LH:19
BRDA:120,0,0,2
BRDA:120,0,1,0
BRDA:120,1,0,2
BRDA:120,1,1,0
BRF:4
BRH:2
end_of_record
TN:
SF:src/components/molecules/DiscoverBooks/DiscoverBooksImage.tsx
FN:35,BookDiscover
FNF:1
FNH:1
FNDA:1,BookDiscover
DA:3,1
DA:4,1
DA:6,1
DA:37,1
DA:38,1
DA:45,1
LF:6
LH:6
BRF:0
BRH:0
end_of_record
TN:
SF:src/components/molecules/ExploreTab/constants.ts
FNF:0
FNH:0
DA:1,1
LF:1
LH:1
BRF:0
BRH:0
end_of_record
TN:
SF:src/components/molecules/ExploreTab/index.tsx
FN:19,(anonymous_3)
FN:100,(anonymous_4)
FN:106,(anonymous_5)
FN:110,(anonymous_6)
FN:137,(anonymous_7)
FN:150,(anonymous_8)
FN:155,(anonymous_9)
FNF:7
FNH:5
FNDA:3,(anonymous_3)
FNDA:6,(anonymous_4)
FNDA:1,(anonymous_5)
FNDA:0,(anonymous_6)
FNDA:32,(anonymous_7)
FNDA:128,(anonymous_8)
FNDA:0,(anonymous_9)
DA:2,2
DA:3,2
DA:4,2
DA:5,2
DA:6,2
DA:7,2
DA:17,2
DA:19,3
DA:90,2
DA:100,2
DA:101,6
DA:102,4
DA:103,4
DA:105,4
DA:106,4
DA:107,1
DA:110,4
DA:111,0
DA:114,4
DA:138,32
DA:151,128
DA:155,0
DA:172,2
LF:23
LH:21
BRF:0
BRH:0
end_of_record
TN:
SF:src/components/molecules/PaginationBox/Pagination.tsx
FN:7,(anonymous_2)
FN:17,(anonymous_3)
FNF:2
FNH:2
FNDA:2,(anonymous_2)
FNDA:2,(anonymous_3)
DA:2,1
DA:3,1
DA:7,2
DA:17,1
DA:18,2
DA:19,2
DA:31,1
LF:7
LH:7
BRF:0
BRH:0
end_of_record
TN:
SF:src/components/molecules/SearchBar/index.tsx
FN:14,(anonymous_3)
FN:30,(anonymous_4)
FN:65,(anonymous_5)
FN:109,(anonymous_6)
FN:111,(anonymous_7)
FN:120,(anonymous_8)
FN:128,(anonymous_9)
FNF:7
FNH:2
FNDA:0,(anonymous_3)
FNDA:3,(anonymous_4)
FNDA:3,(anonymous_5)
FNDA:0,(anonymous_6)
FNDA:0,(anonymous_7)
FNDA:0,(anonymous_8)
FNDA:0,(anonymous_9)
DA:1,2
DA:2,2
DA:3,2
DA:4,2
DA:5,2
DA:7,2
DA:10,2
DA:14,0
DA:30,3
DA:65,3
DA:67,3
DA:68,3
DA:70,3
DA:105,3
DA:107,3
DA:109,3
DA:110,0
DA:111,0
DA:112,0
DA:114,0
DA:116,0
DA:117,0
DA:120,3
DA:121,0
DA:122,0
DA:125,3
DA:128,3
DA:129,0
DA:139,3
DA:170,2
LF:30
LH:20
BRDA:68,0,0,2
BRDA:68,0,1,1
BRDA:153,1,0,3
BRDA:153,1,1,2
BRDA:156,2,0,3
BRDA:156,2,1,3
BRF:6
BRH:6
end_of_record
TN:
SF:src/components/molecules/SearchResultCard/SearchResultCard.tsx
FN:76,(anonymous_3)
FNF:1
FNH:1
FNDA:2,(anonymous_3)
DA:2,3
DA:3,3
DA:4,3
DA:5,3
DA:6,3
DA:7,3
DA:8,3
DA:9,3
DA:11,3
DA:76,3
DA:77,2
DA:78,2
DA:79,2
DA:80,2
DA:82,2
DA:83,2
DA:113,3
LF:17
LH:17
BRF:0
BRH:0
end_of_record
TN:
SF:src/components/molecules/SplitButton/index.tsx
FN:17,(anonymous_3)
FN:35,(anonymous_4)
FN:41,(anonymous_5)
FN:45,(anonymous_6)
FN:53,(anonymous_7)
FN:54,(anonymous_8)
FN:57,(anonymous_9)
FN:80,(anonymous_10)
FN:90,(anonymous_11)
FN:96,(anonymous_12)
FNF:10
FNH:2
FNDA:4,(anonymous_3)
FNDA:4,(anonymous_4)
FNDA:0,(anonymous_5)
FNDA:0,(anonymous_6)
FNDA:0,(anonymous_7)
FNDA:0,(anonymous_8)
FNDA:0,(anonymous_9)
FNDA:0,(anonymous_10)
FNDA:0,(anonymous_11)
FNDA:0,(anonymous_12)
DA:1,2
DA:2,2
DA:3,2
DA:4,2
DA:5,2
DA:6,2
DA:7,2
DA:8,2
DA:9,2
DA:10,2
DA:11,2
DA:12,2
DA:13,2
DA:14,2
DA:17,4
DA:35,4
DA:36,4
DA:37,4
DA:38,4
DA:39,4
DA:41,4
DA:42,0
DA:45,4
DA:49,0
DA:50,0
DA:53,4
DA:54,0
DA:57,4
DA:58,0
DA:59,0
DA:62,0
DA:65,4
DA:80,0
DA:90,0
DA:96,0
DA:112,2
LF:36
LH:26
BRDA:39,0,0,2
BRDA:39,0,1,2
BRDA:58,1,0,0
BRDA:58,1,1,0
BRDA:58,2,0,0
BRDA:58,2,1,0
BRDA:84,3,0,0
BRDA:84,3,1,0
BRF:8
BRH:2
end_of_record
TN:
SF:src/components/molecules/TopicYouFollowSubject/TopicYouFollowSubject.tsx
FN:4,(anonymous_3)
FN:28,TopicsYouFollowSub
FNF:2
FNH:2
FNDA:1,(anonymous_3)
FNDA:1,TopicsYouFollowSub
DA:3,1
DA:4,1
DA:28,1
DA:30,1
DA:31,1
DA:43,1
LF:6
LH:6
BRF:0
BRH:0
end_of_record
TN:
SF:src/components/organisms/Author/Author.tsx
FN:146,(anonymous_3)
FN:178,(anonymous_4)
FNF:2
FNH:2
FNDA:2,(anonymous_3)
FNDA:3,(anonymous_4)
DA:2,1
DA:3,1
DA:4,1
DA:5,1
DA:6,1
DA:7,1
DA:8,1
DA:9,1
DA:10,1
DA:12,1
DA:137,1
DA:146,2
DA:147,1
DA:148,1
DA:150,1
DA:179,3
DA:220,1
LF:17
LH:17
BRF:0
BRH:0
end_of_record
TN:
SF:src/components/organisms/Batchmates/index.tsx
FN:94,(anonymous_3)
FN:105,(anonymous_4)
FNF:2
FNH:2
FNDA:2,(anonymous_3)
FNDA:3,(anonymous_4)
DA:2,1
DA:3,1
DA:4,1
DA:5,1
DA:6,1
DA:7,1
DA:8,1
DA:9,1
DA:10,1
DA:11,1
DA:94,2
DA:95,1
DA:96,1
DA:106,3
DA:159,1
LF:15
LH:15
BRF:0
BRH:0
end_of_record
TN:
SF:src/components/organisms/BookDetail/BookDetail.tsx
FN:177,(anonymous_3)
FN:179,(anonymous_4)
FN:180,(anonymous_5)
FNF:3
FNH:1
FNDA:3,(anonymous_3)
FNDA:0,(anonymous_4)
FNDA:0,(anonymous_5)
DA:1,1
DA:2,1
DA:11,1
DA:12,1
DA:13,1
DA:14,1
DA:15,1
DA:16,1
DA:17,1
DA:18,1
DA:19,1
DA:20,1
DA:21,1
DA:22,1
DA:23,1
DA:24,1
DA:26,1
DA:177,1
DA:178,3
DA:179,2
DA:180,0
DA:181,0
DA:184,2
DA:185,2
DA:295,1
LF:25
LH:23
BRDA:251,0,0,2
BRDA:251,0,1,0
BRDA:257,1,0,2
BRDA:257,1,1,2
BRF:4
BRH:3
end_of_record
TN:
SF:src/components/organisms/BookDetail/constants.ts
FNF:0
FNH:0
DA:5,1
LF:1
LH:1
BRF:0
BRH:0
end_of_record
TN:
SF:src/components/organisms/Explore/Explore.tsx
FN:19,(anonymous_9)
FN:36,(anonymous_10)
FN:53,(anonymous_11)
FN:60,(anonymous_12)
FN:63,(anonymous_13)
FN:66,(anonymous_14)
FN:68,(anonymous_15)
FN:125,(anonymous_16)
FN:126,(anonymous_17)
FNF:9
FNH:3
FNDA:3,(anonymous_9)
FNDA:1,(anonymous_10)
FNDA:3,(anonymous_11)
FNDA:0,(anonymous_12)
FNDA:0,(anonymous_13)
FNDA:0,(anonymous_14)
FNDA:0,(anonymous_15)
FNDA:0,(anonymous_16)
FNDA:0,(anonymous_17)
DA:1,1
DA:2,1
DA:3,1
DA:4,1
DA:5,1
DA:6,1
DA:7,1
DA:8,1
DA:15,1
DA:19,3
DA:36,1
DA:53,1
DA:55,3
DA:57,2
DA:58,2
DA:60,2
DA:61,0
DA:62,0
DA:63,0
DA:66,2
DA:67,0
DA:68,0
DA:72,2
DA:106,2
DA:125,0
DA:126,0
DA:139,1
LF:27
LH:20
BRDA:113,0,0,2
BRDA:113,0,1,0
BRF:2
BRH:1
end_of_record
TN:
SF:src/components/organisms/Header/Header.tsx
FN:13,(anonymous_3)
FN:83,(anonymous_4)
FN:88,(anonymous_5)
FNF:3
FNH:2
FNDA:1,(anonymous_3)
FNDA:2,(anonymous_4)
FNDA:0,(anonymous_5)
DA:2,1
DA:3,1
DA:4,1
DA:5,1
DA:6,1
DA:7,1
DA:8,1
DA:9,1
DA:10,1
DA:13,1
DA:83,1
DA:85,2
DA:86,1
DA:88,1
DA:89,0
DA:92,1
DA:114,1
LF:17
LH:16
BRF:0
BRH:0
end_of_record
TN:
SF:src/components/organisms/RecommendationBookCard/RecommendationBookCard.tsx
FN:103,(anonymous_3)
FN:107,(anonymous_4)
FN:108,(anonymous_5)
FN:113,(anonymous_6)
FN:114,(anonymous_7)
FN:118,(anonymous_8)
FNF:6
FNH:1
FNDA:12,(anonymous_3)
FNDA:0,(anonymous_4)
FNDA:0,(anonymous_5)
FNDA:0,(anonymous_6)
FNDA:0,(anonymous_7)
FNDA:0,(anonymous_8)
DA:2,2
DA:3,2
DA:4,2
DA:5,2
DA:6,2
DA:7,2
DA:8,2
DA:9,2
DA:10,2
DA:11,2
DA:12,2
DA:13,2
DA:14,2
DA:15,2
DA:16,2
DA:18,2
DA:103,2
DA:106,12
DA:107,9
DA:108,0
DA:109,0
DA:112,9
DA:113,9
DA:114,0
DA:115,0
DA:118,9
DA:119,0
DA:121,9
DA:122,9
DA:185,2
LF:30
LH:25
BRDA:158,0,0,9
BRDA:158,0,1,0
BRDA:161,1,0,9
BRDA:161,1,1,9
BRDA:168,2,0,9
BRDA:168,2,1,9
BRDA:174,3,0,9
BRDA:174,3,1,0
BRF:8
BRH:6
end_of_record
TN:
SF:src/components/organisms/RecommendationContainer/RecommendationContainer.tsx
FN:41,(anonymous_3)
FN:45,(anonymous_4)
FNF:2
FNH:2
FNDA:3,(anonymous_3)
FNDA:8,(anonymous_4)
DA:1,1
DA:2,1
DA:5,1
DA:6,1
DA:7,1
DA:8,1
DA:14,1
DA:41,1
DA:42,3
DA:44,2
DA:45,2
DA:46,8
DA:54,2
DA:70,1
LF:14
LH:14
BRF:0
BRH:0
end_of_record
TN:
SF:src/components/organisms/RecommendationContainer/constants.ts
FNF:0
FNH:0
DA:3,1
LF:1
LH:1
BRF:0
BRH:0
end_of_record
TN:
SF:src/theme/constants.ts
FNF:0
FNH:0
DA:5,15
DA:33,15
LF:2
LH:2
BRF:0
BRH:0
end_of_record
TN:
SF:src/theme/theme.ts
FNF:0
FNH:0
DA:1,13
DA:2,13
DA:5,13
DA:162,13
LF:4
LH:4
BRF:0
BRH:0
end_of_record
